Starting a Gradle Daemon, 1 incompatible Daemon could not be reused, use --status for details
> Task :compileJava
> Task :processResources UP-TO-DATE
> Task :classes
> Task :resolveMainClassName UP-TO-DATE

> Task :bootRun

  .   ____          _            __ _ _
 /\\ / ___'_ __ _ _(_)_ __  __ _ \ \ \ \
( ( )\___ | '_ | '_| | '_ \/ _` | \ \ \ \
 \\/  ___)| |_)| | | | | || (_| |  ) ) ) )
  '  |____| .__|_| |_|_| |_\__, | / / / /
 =========|_|==============|___/=/_/_/_/

 :: Spring Boot ::                (v4.0.5)

2026-03-28T15:54:22.908+05:30  INFO 10304 --- [wallet] [           main] com.prakash.wallet.WalletApplication     : Starting WalletApplication using Java 17.0.18 with PID 10304 (C:\Users\praka\OneDrive\Desktop\Java\wallet(1)\wallet\build\classes\java\main started by praka in C:\Users\praka\OneDrive\Desktop\Java\wallet(1)\wallet)
2026-03-28T15:54:22.913+05:30  INFO 10304 --- [wallet] [           main] com.prakash.wallet.WalletApplication     : No active profile set, falling back to 1 default profile: "default"
2026-03-28T15:54:23.546+05:30  INFO 10304 --- [wallet] [           main] .s.d.r.c.RepositoryConfigurationDelegate : Bootstrapping Spring Data JPA repositories in DEFAULT mode.
2026-03-28T15:54:23.561+05:30  INFO 10304 --- [wallet] [           main] .s.d.r.c.RepositoryConfigurationDelegate : Finished Spring Data repository scanning in 8 ms. Found 0 JPA repository interfaces.
2026-03-28T15:54:24.006+05:30  INFO 10304 --- [wallet] [           main] o.s.boot.tomcat.TomcatWebServer          : Tomcat initialized with port 8080 (http)
2026-03-28T15:54:24.020+05:30  INFO 10304 --- [wallet] [           main] o.apache.catalina.core.StandardService   : Starting service [Tomcat]
2026-03-28T15:54:24.021+05:30  INFO 10304 --- [wallet] [           main] o.apache.catalina.core.StandardEngine    : Starting Servlet engine: [Apache Tomcat/11.0.20]
2026-03-28T15:54:24.077+05:30  INFO 10304 --- [wallet] [           main] b.w.c.s.WebApplicationContextInitializer : Root WebApplicationContext: initialization completed in 1094 ms
2026-03-28T15:54:24.158+05:30  WARN 10304 --- [wallet] [           main] ConfigServletWebServerApplicationContext : Exception encountered during context initialization - cancelling refresh attempt: org.springframework.beans.factory.BeanCreationException: Error creating bean with name 'entityManagerFactory' defined in class path resource [org/springframework/boot/hibernate/autoconfigure/HibernateJpaConfiguration.class]: Failed to initialize dependency 'dataSourceScriptDatabaseInitializer' of LoadTimeWeaverAware bean 'entityManagerFactory': Error creating bean with name 'dataSourceScriptDatabaseInitializer' defined in class path resource [org/springframework/boot/jdbc/autoconfigure/DataSourceInitializationAutoConfiguration.class]: Unsatisfied dependency expressed through method 'dataSourceScriptDatabaseInitializer' parameter 0: Error creating bean with name 'dataSource' defined in class path resource [org/springframework/boot/jdbc/autoconfigure/DataSourceConfiguration$Hikari.class]: Failed to instantiate [com.zaxxer.hikari.HikariDataSource]: Factory method 'dataSource' threw exception with message: Failed to determine a suitable driver class
2026-03-28T15:54:24.160+05:30  INFO 10304 --- [wallet] [           main] o.apache.catalina.core.StandardService   : Stopping service [Tomcat]
2026-03-28T15:54:24.173+05:30  INFO 10304 --- [wallet] [           main] .s.b.a.l.ConditionEvaluationReportLogger : 

Error starting ApplicationContext. To display the condition evaluation report re-run your application with 'debug' enabled.
2026-03-28T15:54:24.188+05:30 ERROR 10304 --- [wallet] [           main] o.s.b.d.LoggingFailureAnalysisReporter   : 

***************************
APPLICATION FAILED TO START
***************************

Description:

Failed to configure a DataSource: 'url' attribute is not specified and no embedded datasource could be configured.

Reason: Failed to determine a suitable driver class


Action:

Consider the following:
	If you want an embedded database (H2, HSQL or Derby), please put it on the classpath.
	If you have database settings to be loaded from a particular profile you may need to activate it (no profiles are currently active).


> Task :bootRun FAILED
4 actionable tasks: 2 executed, 2 up-to-date
